<?xml version="1.0" encoding="UTF-8"?>
<!-- Generated by org.testng.reporters.JUnitXMLReporter -->
<testsuite ignored="0" hostname="LLAP-0031" failures="0" tests="1" name="Login Test" time="0.1" errors="0" timestamp="18 Oct 2023 06:37:33 GMT">
  <testcase classname="base.BaseClass" name="@BeforeSuite setUpForSuite" time="0.066">
    <failure type="java.lang.NullPointerException" message="Cannot invoke &amp;quot;String.equalsIgnoreCase(String)&amp;quot; because &amp;quot;platformOs&amp;quot; is null">
      <![CDATA[java.lang.NullPointerException: Cannot invoke "String.equalsIgnoreCase(String)" because "platformOs" is null
at base.BaseClass.initializeSessionManager(BaseClass.java:226)
at base.BaseClass.setUpForSuite(BaseClass.java:54)
... Removed 20 stack frames]]>
    </failure>
  </testcase> <!-- @BeforeSuite setUpForSuite -->
  <testcase classname="base.BaseClass" name="@BeforeTest setupDevice" time="0.0">
    <skipped/>
  </testcase> <!-- @BeforeTest setupDevice -->
  <testcase classname="base.BaseClass" name="@BeforeClass setUpForTest" time="0.0">
    <skipped/>
  </testcase> <!-- @BeforeClass setUpForTest -->
  <testcase classname="base.BaseClass" name="@AfterClass closeAppiumDriver" time="0.001">
    <failure type="java.lang.NullPointerException" message="Cannot invoke &amp;quot;library.SessionManager.getCurrentTestDevice()&amp;quot; because &amp;quot;this.sessionManager&amp;quot; is null">
      <![CDATA[java.lang.NullPointerException: Cannot invoke "library.SessionManager.getCurrentTestDevice()" because "this.sessionManager" is null
at base.BaseClass.closeAppiumDriver(BaseClass.java:163)
at java.base/java.util.concurrent.FutureTask.run(FutureTask.java:264)
at java.base/java.util.concurrent.ThreadPoolExecutor.runWorker(ThreadPoolExecutor.java:1136)
at java.base/java.util.concurrent.ThreadPoolExecutor$Worker.run(ThreadPoolExecutor.java:635)
at java.base/java.lang.Thread.run(Thread.java:833)
... Removed 17 stack frames]]>
    </failure>
  </testcase> <!-- @AfterClass closeAppiumDriver -->
  <testcase classname="base.BaseClass" name="@AfterTest setTestsCount" time="0.0">
    <failure type="java.lang.NullPointerException" message="Cannot invoke &amp;quot;java.lang.Integer.intValue()&amp;quot; because the return value of &amp;quot;java.util.concurrent.ConcurrentHashMap.get(Object)&amp;quot; is null">
      <![CDATA[java.lang.NullPointerException: Cannot invoke "java.lang.Integer.intValue()" because the return value of "java.util.concurrent.ConcurrentHashMap.get(Object)" is null
at base.BaseClass.setTestsCount(BaseClass.java:170)
at java.base/java.util.concurrent.FutureTask.run(FutureTask.java:264)
at java.base/java.util.concurrent.ThreadPoolExecutor.runWorker(ThreadPoolExecutor.java:1136)
at java.base/java.util.concurrent.ThreadPoolExecutor$Worker.run(ThreadPoolExecutor.java:635)
at java.base/java.lang.Thread.run(Thread.java:833)
... Removed 15 stack frames]]>
    </failure>
  </testcase> <!-- @AfterTest setTestsCount -->
  <testcase classname="testClasses.authentication.LoginTest" name="verifySigninWithEmail" time="0.0">
    <skipped/>
  </testcase> <!-- verifySigninWithEmail -->
</testsuite> <!-- Login Test -->
